The target system is: Generic - 1 - 
The host system is: Darwin - 20.1.0 - x86_64
Compiling the C compiler identification source file "CMakeCCompilerId.c" succeeded.
Compiler: /Applications/ARM/bin/arm-none-eabi-gcc 
Build flags: 
Id flags: -c 

The output was:
0


Compilation of the C compiler identification source "CMakeCCompilerId.c" produced "CMakeCCompilerId.o"

The C compiler identification is GNU, found in "/Users/rmk/STM32CubeIDE/workspace_1.4.0/CarController/cmake-build-debug/CMakeFiles/3.17.3/CompilerIdC/CMakeCCompilerId.o"

Compiling the CXX compiler identification source file "CMakeCXXCompilerId.cpp" succeeded.
Compiler: /Applications/ARM/bin/arm-none-eabi-g++ 
Build flags: 
Id flags: -c 

The output was:
0


Compilation of the CXX compiler identification source "CMakeCXXCompilerId.cpp" produced "CMakeCXXCompilerId.o"

The CXX compiler identification is GNU, found in "/Users/rmk/STM32CubeIDE/workspace_1.4.0/CarController/cmake-build-debug/CMakeFiles/3.17.3/CompilerIdCXX/CMakeCXXCompilerId.o"

Checking whether the ASM compiler is GNU using "--version" matched "(GNU assembler)|(GCC)|(Free Software Foundation)":
arm-none-eabi-gcc (GNU Arm Embedded Toolchain 9-2020-q2-update) 9.3.1 20200408 (release)
Copyright (C) 2019 Free Software Foundation, Inc.
This is free software; see the source for copying conditions.  There is NO
warranty; not even for MERCHANTABILITY or FITNESS FOR A PARTICULAR PURPOSE.

Determining if the C compiler works passed with the following output:
Change Dir: /Users/rmk/STM32CubeIDE/workspace_1.4.0/CarController/cmake-build-debug/CMakeFiles/CMakeTmp

Run Build Command(s):/usr/bin/make cmTC_a6fb0/fast && /Applications/Xcode.app/Contents/Developer/usr/bin/make  -f CMakeFiles/cmTC_a6fb0.dir/build.make CMakeFiles/cmTC_a6fb0.dir/build
Building C object CMakeFiles/cmTC_a6fb0.dir/testCCompiler.c.obj
/Applications/ARM/bin/arm-none-eabi-gcc    -o CMakeFiles/cmTC_a6fb0.dir/testCCompiler.c.obj   -c /Users/rmk/STM32CubeIDE/workspace_1.4.0/CarController/cmake-build-debug/CMakeFiles/CMakeTmp/testCCompiler.c
Linking C static library libcmTC_a6fb0.a
"/Users/rmk/Library/Application Support/JetBrains/Toolbox/apps/CLion/ch-0/202.7319.72/CLion.app/Contents/bin/cmake/mac/bin/cmake" -P CMakeFiles/cmTC_a6fb0.dir/cmake_clean_target.cmake
"/Users/rmk/Library/Application Support/JetBrains/Toolbox/apps/CLion/ch-0/202.7319.72/CLion.app/Contents/bin/cmake/mac/bin/cmake" -E cmake_link_script CMakeFiles/cmTC_a6fb0.dir/link.txt --verbose=1
arm-none-eabi-ar qc libcmTC_a6fb0.a  CMakeFiles/cmTC_a6fb0.dir/testCCompiler.c.obj
/Applications/ARM/bin/arm-none-eabi-ranlib libcmTC_a6fb0.a



Detecting C compiler ABI info compiled with the following output:
Change Dir: /Users/rmk/STM32CubeIDE/workspace_1.4.0/CarController/cmake-build-debug/CMakeFiles/CMakeTmp

Run Build Command(s):/usr/bin/make cmTC_f5aac/fast && /Applications/Xcode.app/Contents/Developer/usr/bin/make  -f CMakeFiles/cmTC_f5aac.dir/build.make CMakeFiles/cmTC_f5aac.dir/build
Building C object CMakeFiles/cmTC_f5aac.dir/CMakeCCompilerABI.c.obj
/Applications/ARM/bin/arm-none-eabi-gcc   -v -o CMakeFiles/cmTC_f5aac.dir/CMakeCCompilerABI.c.obj   -c "/Users/rmk/Library/Application Support/JetBrains/Toolbox/apps/CLion/ch-0/202.7319.72/CLion.app/Contents/bin/cmake/mac/share/cmake-3.17/Modules/CMakeCCompilerABI.c"
Using built-in specs.
COLLECT_GCC=/Applications/ARM/bin/arm-none-eabi-gcc
Target: arm-none-eabi
Configured with: /tmp/jenkins-GCC-9-pipeline-200_20200521_1590053285/src/gcc/configure --target=arm-none-eabi --prefix=/tmp/jenkins-GCC-9-pipeline-200_20200521_1590053285/install-native --libexecdir=/tmp/jenkins-GCC-9-pipeline-200_20200521_1590053285/install-native/lib --infodir=/tmp/jenkins-GCC-9-pipeline-200_20200521_1590053285/install-native/share/doc/gcc-arm-none-eabi/info --mandir=/tmp/jenkins-GCC-9-pipeline-200_20200521_1590053285/install-native/share/doc/gcc-arm-none-eabi/man --htmldir=/tmp/jenkins-GCC-9-pipeline-200_20200521_1590053285/install-native/share/doc/gcc-arm-none-eabi/html --pdfdir=/tmp/jenkins-GCC-9-pipeline-200_20200521_1590053285/install-native/share/doc/gcc-arm-none-eabi/pdf --enable-languages=c,c++ --enable-plugins --disable-decimal-float --disable-libffi --disable-libgomp --disable-libmudflap --disable-libquadmath --disable-libssp --disable-libstdcxx-pch --disable-nls --disable-shared --disable-threads --disable-tls --with-gnu-as --with-gnu-ld --with-newlib --with-headers=yes --with-python-dir=share/gcc-arm-none-eabi --with-sysroot=/tmp/jenkins-GCC-9-pipeline-200_20200521_1590053285/install-native/arm-none-eabi --build=x86_64-apple-darwin10 --host=x86_64-apple-darwin10 --with-gmp=/tmp/jenkins-GCC-9-pipeline-200_20200521_1590053285/build-native/host-libs/usr --with-mpfr=/tmp/jenkins-GCC-9-pipeline-200_20200521_1590053285/build-native/host-libs/usr --with-mpc=/tmp/jenkins-GCC-9-pipeline-200_20200521_1590053285/build-native/host-libs/usr --with-isl=/tmp/jenkins-GCC-9-pipeline-200_20200521_1590053285/build-native/host-libs/usr --with-libelf=/tmp/jenkins-GCC-9-pipeline-200_20200521_1590053285/build-native/host-libs/usr --with-host-libstdcxx='-static-libgcc -Wl,-lstdc++ -lm' --with-pkgversion='GNU Arm Embedded Toolchain 9-2020-q2-update' --with-multilib-list=rmprofile,aprofile
Thread model: single
gcc version 9.3.1 20200408 (release) (GNU Arm Embedded Toolchain 9-2020-q2-update) 
COLLECT_GCC_OPTIONS='-v' '-o' 'CMakeFiles/cmTC_f5aac.dir/CMakeCCompilerABI.c.obj' '-c' '-mcpu=arm7tdmi' '-mfloat-abi=soft' '-marm' '-march=armv4t'
 /Applications/ARM/bin/../lib/gcc/arm-none-eabi/9.3.1/cc1 -quiet -v -iprefix /Applications/ARM/bin/../lib/gcc/arm-none-eabi/9.3.1/ -isysroot /Applications/ARM/bin/../arm-none-eabi -D__USES_INITFINI__ /Users/rmk/Library/Application Support/JetBrains/Toolbox/apps/CLion/ch-0/202.7319.72/CLion.app/Contents/bin/cmake/mac/share/cmake-3.17/Modules/CMakeCCompilerABI.c -quiet -dumpbase CMakeCCompilerABI.c -mcpu=arm7tdmi -mfloat-abi=soft -marm -march=armv4t -auxbase-strip CMakeFiles/cmTC_f5aac.dir/CMakeCCompilerABI.c.obj -version -o /var/folders/n5/4z631vgd4w59m_8yjzymyp_h0000gn/T//ccyshcRf.s
GNU C17 (GNU Arm Embedded Toolchain 9-2020-q2-update) version 9.3.1 20200408 (release) (arm-none-eabi)
	compiled by GNU C version 4.2.1 Compatible Apple LLVM 11.0.0 (clang-1100.0.33.17), GMP version 6.1.0, MPFR version 3.1.4, MPC version 1.0.3, isl version isl-0.18-GMP

GGC heuristics: --param ggc-min-expand=100 --param ggc-min-heapsize=131072
ignoring duplicate directory "/Applications/ARM/bin/../lib/gcc/../../lib/gcc/arm-none-eabi/9.3.1/include"
ignoring nonexistent directory "/Applications/ARM/bin/../arm-none-eabi/usr/local/include"
ignoring duplicate directory "/Applications/ARM/bin/../lib/gcc/../../lib/gcc/arm-none-eabi/9.3.1/include-fixed"
ignoring duplicate directory "/Applications/ARM/bin/../lib/gcc/../../lib/gcc/arm-none-eabi/9.3.1/../../../../arm-none-eabi/include"
ignoring nonexistent directory "/Applications/ARM/bin/../arm-none-eabi/usr/include"
#include "..." search starts here:
#include <...> search starts here:
 /Applications/ARM/bin/../lib/gcc/arm-none-eabi/9.3.1/include
 /Applications/ARM/bin/../lib/gcc/arm-none-eabi/9.3.1/include-fixed
 /Applications/ARM/bin/../lib/gcc/arm-none-eabi/9.3.1/../../../../arm-none-eabi/include
End of search list.
GNU C17 (GNU Arm Embedded Toolchain 9-2020-q2-update) version 9.3.1 20200408 (release) (arm-none-eabi)
	compiled by GNU C version 4.2.1 Compatible Apple LLVM 11.0.0 (clang-1100.0.33.17), GMP version 6.1.0, MPFR version 3.1.4, MPC version 1.0.3, isl version isl-0.18-GMP

GGC heuristics: --param ggc-min-expand=100 --param ggc-min-heapsize=131072
Compiler executable checksum: c98fc9d12ad05b5a76e372c8d9e5deb7
COLLECT_GCC_OPTIONS='-v' '-o' 'CMakeFiles/cmTC_f5aac.dir/CMakeCCompilerABI.c.obj' '-c' '-mcpu=arm7tdmi' '-mfloat-abi=soft' '-marm' '-march=armv4t'
 /Applications/ARM/bin/../lib/gcc/arm-none-eabi/9.3.1/../../../../arm-none-eabi/bin/as -v -march=armv4t -mfloat-abi=soft -meabi=5 -o CMakeFiles/cmTC_f5aac.dir/CMakeCCompilerABI.c.obj /var/folders/n5/4z631vgd4w59m_8yjzymyp_h0000gn/T//ccyshcRf.s
GNU assembler version 2.34.0 (arm-none-eabi) using BFD version (GNU Arm Embedded Toolchain 9-2020-q2-update) 2.34.0.20200428
COMPILER_PATH=/Applications/ARM/bin/../lib/gcc/arm-none-eabi/9.3.1/:/Applications/ARM/bin/../lib/gcc/:/Applications/ARM/bin/../lib/gcc/arm-none-eabi/9.3.1/../../../../arm-none-eabi/bin/
LIBRARY_PATH=/Applications/ARM/bin/../lib/gcc/arm-none-eabi/9.3.1/:/Applications/ARM/bin/../lib/gcc/:/Applications/ARM/bin/../lib/gcc/arm-none-eabi/9.3.1/../../../../arm-none-eabi/lib/:/Applications/ARM/bin/../arm-none-eabi/lib/
COLLECT_GCC_OPTIONS='-v' '-o' 'CMakeFiles/cmTC_f5aac.dir/CMakeCCompilerABI.c.obj' '-c' '-mcpu=arm7tdmi' '-mfloat-abi=soft' '-marm' '-march=armv4t'
Linking C static library libcmTC_f5aac.a
"/Users/rmk/Library/Application Support/JetBrains/Toolbox/apps/CLion/ch-0/202.7319.72/CLion.app/Contents/bin/cmake/mac/bin/cmake" -P CMakeFiles/cmTC_f5aac.dir/cmake_clean_target.cmake
"/Users/rmk/Library/Application Support/JetBrains/Toolbox/apps/CLion/ch-0/202.7319.72/CLion.app/Contents/bin/cmake/mac/bin/cmake" -E cmake_link_script CMakeFiles/cmTC_f5aac.dir/link.txt --verbose=1
arm-none-eabi-ar qc libcmTC_f5aac.a  CMakeFiles/cmTC_f5aac.dir/CMakeCCompilerABI.c.obj
/Applications/ARM/bin/arm-none-eabi-ranlib libcmTC_f5aac.a



Parsed C implicit include dir info from above output: rv=done
  found start of include info
  found start of implicit include info
    add: [/Applications/ARM/bin/../lib/gcc/arm-none-eabi/9.3.1/include]
    add: [/Applications/ARM/bin/../lib/gcc/arm-none-eabi/9.3.1/include-fixed]
    add: [/Applications/ARM/bin/../lib/gcc/arm-none-eabi/9.3.1/../../../../arm-none-eabi/include]
  end of search list found
  collapse include dir [/Applications/ARM/bin/../lib/gcc/arm-none-eabi/9.3.1/include] ==> [/Applications/ARM/lib/gcc/arm-none-eabi/9.3.1/include]
  collapse include dir [/Applications/ARM/bin/../lib/gcc/arm-none-eabi/9.3.1/include-fixed] ==> [/Applications/ARM/lib/gcc/arm-none-eabi/9.3.1/include-fixed]
  collapse include dir [/Applications/ARM/bin/../lib/gcc/arm-none-eabi/9.3.1/../../../../arm-none-eabi/include] ==> [/Applications/ARM/arm-none-eabi/include]
  implicit include dirs: [/Applications/ARM/lib/gcc/arm-none-eabi/9.3.1/include;/Applications/ARM/lib/gcc/arm-none-eabi/9.3.1/include-fixed;/Applications/ARM/arm-none-eabi/include]


Parsed C implicit link information from above output:
  link line regex: [^( *|.*[/\])(arm-none-eabi-ld|CMAKE_LINK_STARTFILE-NOTFOUND|([^/\]+-)?ld|collect2)[^/\]*( |$)]
  ignore line: [Change Dir: /Users/rmk/STM32CubeIDE/workspace_1.4.0/CarController/cmake-build-debug/CMakeFiles/CMakeTmp]
  ignore line: []
  ignore line: [Run Build Command(s):/usr/bin/make cmTC_f5aac/fast && /Applications/Xcode.app/Contents/Developer/usr/bin/make  -f CMakeFiles/cmTC_f5aac.dir/build.make CMakeFiles/cmTC_f5aac.dir/build]
  ignore line: [Building C object CMakeFiles/cmTC_f5aac.dir/CMakeCCompilerABI.c.obj]
  ignore line: [/Applications/ARM/bin/arm-none-eabi-gcc   -v -o CMakeFiles/cmTC_f5aac.dir/CMakeCCompilerABI.c.obj   -c "/Users/rmk/Library/Application Support/JetBrains/Toolbox/apps/CLion/ch-0/202.7319.72/CLion.app/Contents/bin/cmake/mac/share/cmake-3.17/Modules/CMakeCCompilerABI.c"]
  ignore line: [Using built-in specs.]
  ignore line: [COLLECT_GCC=/Applications/ARM/bin/arm-none-eabi-gcc]
  ignore line: [Target: arm-none-eabi]
  ignore line: [Configured with: /tmp/jenkins-GCC-9-pipeline-200_20200521_1590053285/src/gcc/configure --target=arm-none-eabi --prefix=/tmp/jenkins-GCC-9-pipeline-200_20200521_1590053285/install-native --libexecdir=/tmp/jenkins-GCC-9-pipeline-200_20200521_1590053285/install-native/lib --infodir=/tmp/jenkins-GCC-9-pipeline-200_20200521_1590053285/install-native/share/doc/gcc-arm-none-eabi/info --mandir=/tmp/jenkins-GCC-9-pipeline-200_20200521_1590053285/install-native/share/doc/gcc-arm-none-eabi/man --htmldir=/tmp/jenkins-GCC-9-pipeline-200_20200521_1590053285/install-native/share/doc/gcc-arm-none-eabi/html --pdfdir=/tmp/jenkins-GCC-9-pipeline-200_20200521_1590053285/install-native/share/doc/gcc-arm-none-eabi/pdf --enable-languages=c,c++ --enable-plugins --disable-decimal-float --disable-libffi --disable-libgomp --disable-libmudflap --disable-libquadmath --disable-libssp --disable-libstdcxx-pch --disable-nls --disable-shared --disable-threads --disable-tls --with-gnu-as --with-gnu-ld --with-newlib --with-headers=yes --with-python-dir=share/gcc-arm-none-eabi --with-sysroot=/tmp/jenkins-GCC-9-pipeline-200_20200521_1590053285/install-native/arm-none-eabi --build=x86_64-apple-darwin10 --host=x86_64-apple-darwin10 --with-gmp=/tmp/jenkins-GCC-9-pipeline-200_20200521_1590053285/build-native/host-libs/usr --with-mpfr=/tmp/jenkins-GCC-9-pipeline-200_20200521_1590053285/build-native/host-libs/usr --with-mpc=/tmp/jenkins-GCC-9-pipeline-200_20200521_1590053285/build-native/host-libs/usr --with-isl=/tmp/jenkins-GCC-9-pipeline-200_20200521_1590053285/build-native/host-libs/usr --with-libelf=/tmp/jenkins-GCC-9-pipeline-200_20200521_1590053285/build-native/host-libs/usr --with-host-libstdcxx='-static-libgcc -Wl,-lstdc++ -lm' --with-pkgversion='GNU Arm Embedded Toolchain 9-2020-q2-update' --with-multilib-list=rmprofile,aprofile]
  ignore line: [Thread model: single]
  ignore line: [gcc version 9.3.1 20200408 (release) (GNU Arm Embedded Toolchain 9-2020-q2-update) ]
  ignore line: [COLLECT_GCC_OPTIONS='-v' '-o' 'CMakeFiles/cmTC_f5aac.dir/CMakeCCompilerABI.c.obj' '-c' '-mcpu=arm7tdmi' '-mfloat-abi=soft' '-marm' '-march=armv4t']
  ignore line: [ /Applications/ARM/bin/../lib/gcc/arm-none-eabi/9.3.1/cc1 -quiet -v -iprefix /Applications/ARM/bin/../lib/gcc/arm-none-eabi/9.3.1/ -isysroot /Applications/ARM/bin/../arm-none-eabi -D__USES_INITFINI__ /Users/rmk/Library/Application Support/JetBrains/Toolbox/apps/CLion/ch-0/202.7319.72/CLion.app/Contents/bin/cmake/mac/share/cmake-3.17/Modules/CMakeCCompilerABI.c -quiet -dumpbase CMakeCCompilerABI.c -mcpu=arm7tdmi -mfloat-abi=soft -marm -march=armv4t -auxbase-strip CMakeFiles/cmTC_f5aac.dir/CMakeCCompilerABI.c.obj -version -o /var/folders/n5/4z631vgd4w59m_8yjzymyp_h0000gn/T//ccyshcRf.s]
  ignore line: [GNU C17 (GNU Arm Embedded Toolchain 9-2020-q2-update) version 9.3.1 20200408 (release) (arm-none-eabi)]
  ignore line: [	compiled by GNU C version 4.2.1 Compatible Apple LLVM 11.0.0 (clang-1100.0.33.17)  GMP version 6.1.0  MPFR version 3.1.4  MPC version 1.0.3  isl version isl-0.18-GMP]
  ignore line: []
  ignore line: [GGC heuristics: --param ggc-min-expand=100 --param ggc-min-heapsize=131072]
  ignore line: [ignoring duplicate directory "/Applications/ARM/bin/../lib/gcc/../../lib/gcc/arm-none-eabi/9.3.1/include"]
  ignore line: [ignoring nonexistent directory "/Applications/ARM/bin/../arm-none-eabi/usr/local/include"]
  ignore line: [ignoring duplicate directory "/Applications/ARM/bin/../lib/gcc/../../lib/gcc/arm-none-eabi/9.3.1/include-fixed"]
  ignore line: [ignoring duplicate directory "/Applications/ARM/bin/../lib/gcc/../../lib/gcc/arm-none-eabi/9.3.1/../../../../arm-none-eabi/include"]
  ignore line: [ignoring nonexistent directory "/Applications/ARM/bin/../arm-none-eabi/usr/include"]
  ignore line: [#include "..." search starts here:]
  ignore line: [#include <...> search starts here:]
  ignore line: [ /Applications/ARM/bin/../lib/gcc/arm-none-eabi/9.3.1/include]
  ignore line: [ /Applications/ARM/bin/../lib/gcc/arm-none-eabi/9.3.1/include-fixed]
  ignore line: [ /Applications/ARM/bin/../lib/gcc/arm-none-eabi/9.3.1/../../../../arm-none-eabi/include]
  ignore line: [End of search list.]
  ignore line: [GNU C17 (GNU Arm Embedded Toolchain 9-2020-q2-update) version 9.3.1 20200408 (release) (arm-none-eabi)]
  ignore line: [	compiled by GNU C version 4.2.1 Compatible Apple LLVM 11.0.0 (clang-1100.0.33.17)  GMP version 6.1.0  MPFR version 3.1.4  MPC version 1.0.3  isl version isl-0.18-GMP]
  ignore line: []
  ignore line: [GGC heuristics: --param ggc-min-expand=100 --param ggc-min-heapsize=131072]
  ignore line: [Compiler executable checksum: c98fc9d12ad05b5a76e372c8d9e5deb7]
  ignore line: [COLLECT_GCC_OPTIONS='-v' '-o' 'CMakeFiles/cmTC_f5aac.dir/CMakeCCompilerABI.c.obj' '-c' '-mcpu=arm7tdmi' '-mfloat-abi=soft' '-marm' '-march=armv4t']
  ignore line: [ /Applications/ARM/bin/../lib/gcc/arm-none-eabi/9.3.1/../../../../arm-none-eabi/bin/as -v -march=armv4t -mfloat-abi=soft -meabi=5 -o CMakeFiles/cmTC_f5aac.dir/CMakeCCompilerABI.c.obj /var/folders/n5/4z631vgd4w59m_8yjzymyp_h0000gn/T//ccyshcRf.s]
  ignore line: [GNU assembler version 2.34.0 (arm-none-eabi) using BFD version (GNU Arm Embedded Toolchain 9-2020-q2-update) 2.34.0.20200428]
  ignore line: [COMPILER_PATH=/Applications/ARM/bin/../lib/gcc/arm-none-eabi/9.3.1/:/Applications/ARM/bin/../lib/gcc/:/Applications/ARM/bin/../lib/gcc/arm-none-eabi/9.3.1/../../../../arm-none-eabi/bin/]
  ignore line: [LIBRARY_PATH=/Applications/ARM/bin/../lib/gcc/arm-none-eabi/9.3.1/:/Applications/ARM/bin/../lib/gcc/:/Applications/ARM/bin/../lib/gcc/arm-none-eabi/9.3.1/../../../../arm-none-eabi/lib/:/Applications/ARM/bin/../arm-none-eabi/lib/]
  ignore line: [COLLECT_GCC_OPTIONS='-v' '-o' 'CMakeFiles/cmTC_f5aac.dir/CMakeCCompilerABI.c.obj' '-c' '-mcpu=arm7tdmi' '-mfloat-abi=soft' '-marm' '-march=armv4t']
  ignore line: [Linking C static library libcmTC_f5aac.a]
  ignore line: ["/Users/rmk/Library/Application Support/JetBrains/Toolbox/apps/CLion/ch-0/202.7319.72/CLion.app/Contents/bin/cmake/mac/bin/cmake" -P CMakeFiles/cmTC_f5aac.dir/cmake_clean_target.cmake]
  ignore line: ["/Users/rmk/Library/Application Support/JetBrains/Toolbox/apps/CLion/ch-0/202.7319.72/CLion.app/Contents/bin/cmake/mac/bin/cmake" -E cmake_link_script CMakeFiles/cmTC_f5aac.dir/link.txt --verbose=1]
  ignore line: [arm-none-eabi-ar qc libcmTC_f5aac.a  CMakeFiles/cmTC_f5aac.dir/CMakeCCompilerABI.c.obj]
  ignore line: [/Applications/ARM/bin/arm-none-eabi-ranlib libcmTC_f5aac.a]
  ignore line: []
  ignore line: []
  implicit libs: []
  implicit dirs: []
  implicit fwks: []


Determining if the CXX compiler works passed with the following output:
Change Dir: /Users/rmk/STM32CubeIDE/workspace_1.4.0/CarController/cmake-build-debug/CMakeFiles/CMakeTmp

Run Build Command(s):/usr/bin/make cmTC_52f93/fast && /Applications/Xcode.app/Contents/Developer/usr/bin/make  -f CMakeFiles/cmTC_52f93.dir/build.make CMakeFiles/cmTC_52f93.dir/build
Building CXX object CMakeFiles/cmTC_52f93.dir/testCXXCompiler.cxx.obj
/Applications/ARM/bin/arm-none-eabi-g++     -o CMakeFiles/cmTC_52f93.dir/testCXXCompiler.cxx.obj -c /Users/rmk/STM32CubeIDE/workspace_1.4.0/CarController/cmake-build-debug/CMakeFiles/CMakeTmp/testCXXCompiler.cxx
Linking CXX static library libcmTC_52f93.a
"/Users/rmk/Library/Application Support/JetBrains/Toolbox/apps/CLion/ch-0/202.7319.72/CLion.app/Contents/bin/cmake/mac/bin/cmake" -P CMakeFiles/cmTC_52f93.dir/cmake_clean_target.cmake
"/Users/rmk/Library/Application Support/JetBrains/Toolbox/apps/CLion/ch-0/202.7319.72/CLion.app/Contents/bin/cmake/mac/bin/cmake" -E cmake_link_script CMakeFiles/cmTC_52f93.dir/link.txt --verbose=1
arm-none-eabi-ar qc libcmTC_52f93.a  CMakeFiles/cmTC_52f93.dir/testCXXCompiler.cxx.obj
/Applications/ARM/bin/arm-none-eabi-ranlib libcmTC_52f93.a



Detecting CXX compiler ABI info compiled with the following output:
Change Dir: /Users/rmk/STM32CubeIDE/workspace_1.4.0/CarController/cmake-build-debug/CMakeFiles/CMakeTmp

Run Build Command(s):/usr/bin/make cmTC_deca9/fast && /Applications/Xcode.app/Contents/Developer/usr/bin/make  -f CMakeFiles/cmTC_deca9.dir/build.make CMakeFiles/cmTC_deca9.dir/build
Building CXX object CMakeFiles/cmTC_deca9.dir/CMakeCXXCompilerABI.cpp.obj
/Applications/ARM/bin/arm-none-eabi-g++    -v -o CMakeFiles/cmTC_deca9.dir/CMakeCXXCompilerABI.cpp.obj -c "/Users/rmk/Library/Application Support/JetBrains/Toolbox/apps/CLion/ch-0/202.7319.72/CLion.app/Contents/bin/cmake/mac/share/cmake-3.17/Modules/CMakeCXXCompilerABI.cpp"
Using built-in specs.
COLLECT_GCC=/Applications/ARM/bin/arm-none-eabi-g++
Target: arm-none-eabi
Configured with: /tmp/jenkins-GCC-9-pipeline-200_20200521_1590053285/src/gcc/configure --target=arm-none-eabi --prefix=/tmp/jenkins-GCC-9-pipeline-200_20200521_1590053285/install-native --libexecdir=/tmp/jenkins-GCC-9-pipeline-200_20200521_1590053285/install-native/lib --infodir=/tmp/jenkins-GCC-9-pipeline-200_20200521_1590053285/install-native/share/doc/gcc-arm-none-eabi/info --mandir=/tmp/jenkins-GCC-9-pipeline-200_20200521_1590053285/install-native/share/doc/gcc-arm-none-eabi/man --htmldir=/tmp/jenkins-GCC-9-pipeline-200_20200521_1590053285/install-native/share/doc/gcc-arm-none-eabi/html --pdfdir=/tmp/jenkins-GCC-9-pipeline-200_20200521_1590053285/install-native/share/doc/gcc-arm-none-eabi/pdf --enable-languages=c,c++ --enable-plugins --disable-decimal-float --disable-libffi --disable-libgomp --disable-libmudflap --disable-libquadmath --disable-libssp --disable-libstdcxx-pch --disable-nls --disable-shared --disable-threads --disable-tls --with-gnu-as --with-gnu-ld --with-newlib --with-headers=yes --with-python-dir=share/gcc-arm-none-eabi --with-sysroot=/tmp/jenkins-GCC-9-pipeline-200_20200521_1590053285/install-native/arm-none-eabi --build=x86_64-apple-darwin10 --host=x86_64-apple-darwin10 --with-gmp=/tmp/jenkins-GCC-9-pipeline-200_20200521_1590053285/build-native/host-libs/usr --with-mpfr=/tmp/jenkins-GCC-9-pipeline-200_20200521_1590053285/build-native/host-libs/usr --with-mpc=/tmp/jenkins-GCC-9-pipeline-200_20200521_1590053285/build-native/host-libs/usr --with-isl=/tmp/jenkins-GCC-9-pipeline-200_20200521_1590053285/build-native/host-libs/usr --with-libelf=/tmp/jenkins-GCC-9-pipeline-200_20200521_1590053285/build-native/host-libs/usr --with-host-libstdcxx='-static-libgcc -Wl,-lstdc++ -lm' --with-pkgversion='GNU Arm Embedded Toolchain 9-2020-q2-update' --with-multilib-list=rmprofile,aprofile
Thread model: single
gcc version 9.3.1 20200408 (release) (GNU Arm Embedded Toolchain 9-2020-q2-update) 
COLLECT_GCC_OPTIONS='-v' '-o' 'CMakeFiles/cmTC_deca9.dir/CMakeCXXCompilerABI.cpp.obj' '-c' '-mcpu=arm7tdmi' '-mfloat-abi=soft' '-marm' '-march=armv4t'
 /Applications/ARM/bin/../lib/gcc/arm-none-eabi/9.3.1/cc1plus -quiet -v -iprefix /Applications/ARM/bin/../lib/gcc/arm-none-eabi/9.3.1/ -isysroot /Applications/ARM/bin/../arm-none-eabi -D__USES_INITFINI__ /Users/rmk/Library/Application Support/JetBrains/Toolbox/apps/CLion/ch-0/202.7319.72/CLion.app/Contents/bin/cmake/mac/share/cmake-3.17/Modules/CMakeCXXCompilerABI.cpp -quiet -dumpbase CMakeCXXCompilerABI.cpp -mcpu=arm7tdmi -mfloat-abi=soft -marm -march=armv4t -auxbase-strip CMakeFiles/cmTC_deca9.dir/CMakeCXXCompilerABI.cpp.obj -version -o /var/folders/n5/4z631vgd4w59m_8yjzymyp_h0000gn/T//cclOqoW1.s
GNU C++14 (GNU Arm Embedded Toolchain 9-2020-q2-update) version 9.3.1 20200408 (release) (arm-none-eabi)
	compiled by GNU C version 4.2.1 Compatible Apple LLVM 11.0.0 (clang-1100.0.33.17), GMP version 6.1.0, MPFR version 3.1.4, MPC version 1.0.3, isl version isl-0.18-GMP

GGC heuristics: --param ggc-min-expand=100 --param ggc-min-heapsize=131072
ignoring duplicate directory "/Applications/ARM/bin/../lib/gcc/../../lib/gcc/arm-none-eabi/9.3.1/../../../../arm-none-eabi/include/c++/9.3.1"
ignoring duplicate directory "/Applications/ARM/bin/../lib/gcc/../../lib/gcc/arm-none-eabi/9.3.1/../../../../arm-none-eabi/include/c++/9.3.1/arm-none-eabi"
ignoring duplicate directory "/Applications/ARM/bin/../lib/gcc/../../lib/gcc/arm-none-eabi/9.3.1/../../../../arm-none-eabi/include/c++/9.3.1/backward"
ignoring duplicate directory "/Applications/ARM/bin/../lib/gcc/../../lib/gcc/arm-none-eabi/9.3.1/include"
ignoring nonexistent directory "/Applications/ARM/bin/../arm-none-eabi/usr/local/include"
ignoring duplicate directory "/Applications/ARM/bin/../lib/gcc/../../lib/gcc/arm-none-eabi/9.3.1/include-fixed"
ignoring duplicate directory "/Applications/ARM/bin/../lib/gcc/../../lib/gcc/arm-none-eabi/9.3.1/../../../../arm-none-eabi/include"
ignoring nonexistent directory "/Applications/ARM/bin/../arm-none-eabi/usr/include"
#include "..." search starts here:
#include <...> search starts here:
 /Applications/ARM/bin/../lib/gcc/arm-none-eabi/9.3.1/../../../../arm-none-eabi/include/c++/9.3.1
 /Applications/ARM/bin/../lib/gcc/arm-none-eabi/9.3.1/../../../../arm-none-eabi/include/c++/9.3.1/arm-none-eabi
 /Applications/ARM/bin/../lib/gcc/arm-none-eabi/9.3.1/../../../../arm-none-eabi/include/c++/9.3.1/backward
 /Applications/ARM/bin/../lib/gcc/arm-none-eabi/9.3.1/include
 /Applications/ARM/bin/../lib/gcc/arm-none-eabi/9.3.1/include-fixed
 /Applications/ARM/bin/../lib/gcc/arm-none-eabi/9.3.1/../../../../arm-none-eabi/include
End of search list.
GNU C++14 (GNU Arm Embedded Toolchain 9-2020-q2-update) version 9.3.1 20200408 (release) (arm-none-eabi)
	compiled by GNU C version 4.2.1 Compatible Apple LLVM 11.0.0 (clang-1100.0.33.17), GMP version 6.1.0, MPFR version 3.1.4, MPC version 1.0.3, isl version isl-0.18-GMP

GGC heuristics: --param ggc-min-expand=100 --param ggc-min-heapsize=131072
Compiler executable checksum: 8782f4994dbf603a697a2dc7444b5e0e
COLLECT_GCC_OPTIONS='-v' '-o' 'CMakeFiles/cmTC_deca9.dir/CMakeCXXCompilerABI.cpp.obj' '-c' '-mcpu=arm7tdmi' '-mfloat-abi=soft' '-marm' '-march=armv4t'
 /Applications/ARM/bin/../lib/gcc/arm-none-eabi/9.3.1/../../../../arm-none-eabi/bin/as -v -march=armv4t -mfloat-abi=soft -meabi=5 -o CMakeFiles/cmTC_deca9.dir/CMakeCXXCompilerABI.cpp.obj /var/folders/n5/4z631vgd4w59m_8yjzymyp_h0000gn/T//cclOqoW1.s
GNU assembler version 2.34.0 (arm-none-eabi) using BFD version (GNU Arm Embedded Toolchain 9-2020-q2-update) 2.34.0.20200428
COMPILER_PATH=/Applications/ARM/bin/../lib/gcc/arm-none-eabi/9.3.1/:/Applications/ARM/bin/../lib/gcc/:/Applications/ARM/bin/../lib/gcc/arm-none-eabi/9.3.1/../../../../arm-none-eabi/bin/
LIBRARY_PATH=/Applications/ARM/bin/../lib/gcc/arm-none-eabi/9.3.1/:/Applications/ARM/bin/../lib/gcc/:/Applications/ARM/bin/../lib/gcc/arm-none-eabi/9.3.1/../../../../arm-none-eabi/lib/:/Applications/ARM/bin/../arm-none-eabi/lib/
COLLECT_GCC_OPTIONS='-v' '-o' 'CMakeFiles/cmTC_deca9.dir/CMakeCXXCompilerABI.cpp.obj' '-c' '-mcpu=arm7tdmi' '-mfloat-abi=soft' '-marm' '-march=armv4t'
Linking CXX static library libcmTC_deca9.a
"/Users/rmk/Library/Application Support/JetBrains/Toolbox/apps/CLion/ch-0/202.7319.72/CLion.app/Contents/bin/cmake/mac/bin/cmake" -P CMakeFiles/cmTC_deca9.dir/cmake_clean_target.cmake
"/Users/rmk/Library/Application Support/JetBrains/Toolbox/apps/CLion/ch-0/202.7319.72/CLion.app/Contents/bin/cmake/mac/bin/cmake" -E cmake_link_script CMakeFiles/cmTC_deca9.dir/link.txt --verbose=1
arm-none-eabi-ar qc libcmTC_deca9.a  CMakeFiles/cmTC_deca9.dir/CMakeCXXCompilerABI.cpp.obj
/Applications/ARM/bin/arm-none-eabi-ranlib libcmTC_deca9.a



Parsed CXX implicit include dir info from above output: rv=done
  found start of include info
  found start of implicit include info
    add: [/Applications/ARM/bin/../lib/gcc/arm-none-eabi/9.3.1/../../../../arm-none-eabi/include/c++/9.3.1]
    add: [/Applications/ARM/bin/../lib/gcc/arm-none-eabi/9.3.1/../../../../arm-none-eabi/include/c++/9.3.1/arm-none-eabi]
    add: [/Applications/ARM/bin/../lib/gcc/arm-none-eabi/9.3.1/../../../../arm-none-eabi/include/c++/9.3.1/backward]
    add: [/Applications/ARM/bin/../lib/gcc/arm-none-eabi/9.3.1/include]
    add: [/Applications/ARM/bin/../lib/gcc/arm-none-eabi/9.3.1/include-fixed]
    add: [/Applications/ARM/bin/../lib/gcc/arm-none-eabi/9.3.1/../../../../arm-none-eabi/include]
  end of search list found
  collapse include dir [/Applications/ARM/bin/../lib/gcc/arm-none-eabi/9.3.1/../../../../arm-none-eabi/include/c++/9.3.1] ==> [/Applications/ARM/arm-none-eabi/include/c++/9.3.1]
  collapse include dir [/Applications/ARM/bin/../lib/gcc/arm-none-eabi/9.3.1/../../../../arm-none-eabi/include/c++/9.3.1/arm-none-eabi] ==> [/Applications/ARM/arm-none-eabi/include/c++/9.3.1/arm-none-eabi]
  collapse include dir [/Applications/ARM/bin/../lib/gcc/arm-none-eabi/9.3.1/../../../../arm-none-eabi/include/c++/9.3.1/backward] ==> [/Applications/ARM/arm-none-eabi/include/c++/9.3.1/backward]
  collapse include dir [/Applications/ARM/bin/../lib/gcc/arm-none-eabi/9.3.1/include] ==> [/Applications/ARM/lib/gcc/arm-none-eabi/9.3.1/include]
  collapse include dir [/Applications/ARM/bin/../lib/gcc/arm-none-eabi/9.3.1/include-fixed] ==> [/Applications/ARM/lib/gcc/arm-none-eabi/9.3.1/include-fixed]
  collapse include dir [/Applications/ARM/bin/../lib/gcc/arm-none-eabi/9.3.1/../../../../arm-none-eabi/include] ==> [/Applications/ARM/arm-none-eabi/include]
  implicit include dirs: [/Applications/ARM/arm-none-eabi/include/c++/9.3.1;/Applications/ARM/arm-none-eabi/include/c++/9.3.1/arm-none-eabi;/Applications/ARM/arm-none-eabi/include/c++/9.3.1/backward;/Applications/ARM/lib/gcc/arm-none-eabi/9.3.1/include;/Applications/ARM/lib/gcc/arm-none-eabi/9.3.1/include-fixed;/Applications/ARM/arm-none-eabi/include]


Parsed CXX implicit link information from above output:
  link line regex: [^( *|.*[/\])(arm-none-eabi-ld|CMAKE_LINK_STARTFILE-NOTFOUND|([^/\]+-)?ld|collect2)[^/\]*( |$)]
  ignore line: [Change Dir: /Users/rmk/STM32CubeIDE/workspace_1.4.0/CarController/cmake-build-debug/CMakeFiles/CMakeTmp]
  ignore line: []
  ignore line: [Run Build Command(s):/usr/bin/make cmTC_deca9/fast && /Applications/Xcode.app/Contents/Developer/usr/bin/make  -f CMakeFiles/cmTC_deca9.dir/build.make CMakeFiles/cmTC_deca9.dir/build]
  ignore line: [Building CXX object CMakeFiles/cmTC_deca9.dir/CMakeCXXCompilerABI.cpp.obj]
  ignore line: [/Applications/ARM/bin/arm-none-eabi-g++    -v -o CMakeFiles/cmTC_deca9.dir/CMakeCXXCompilerABI.cpp.obj -c "/Users/rmk/Library/Application Support/JetBrains/Toolbox/apps/CLion/ch-0/202.7319.72/CLion.app/Contents/bin/cmake/mac/share/cmake-3.17/Modules/CMakeCXXCompilerABI.cpp"]
  ignore line: [Using built-in specs.]
  ignore line: [COLLECT_GCC=/Applications/ARM/bin/arm-none-eabi-g++]
  ignore line: [Target: arm-none-eabi]
  ignore line: [Configured with: /tmp/jenkins-GCC-9-pipeline-200_20200521_1590053285/src/gcc/configure --target=arm-none-eabi --prefix=/tmp/jenkins-GCC-9-pipeline-200_20200521_1590053285/install-native --libexecdir=/tmp/jenkins-GCC-9-pipeline-200_20200521_1590053285/install-native/lib --infodir=/tmp/jenkins-GCC-9-pipeline-200_20200521_1590053285/install-native/share/doc/gcc-arm-none-eabi/info --mandir=/tmp/jenkins-GCC-9-pipeline-200_20200521_1590053285/install-native/share/doc/gcc-arm-none-eabi/man --htmldir=/tmp/jenkins-GCC-9-pipeline-200_20200521_1590053285/install-native/share/doc/gcc-arm-none-eabi/html --pdfdir=/tmp/jenkins-GCC-9-pipeline-200_20200521_1590053285/install-native/share/doc/gcc-arm-none-eabi/pdf --enable-languages=c,c++ --enable-plugins --disable-decimal-float --disable-libffi --disable-libgomp --disable-libmudflap --disable-libquadmath --disable-libssp --disable-libstdcxx-pch --disable-nls --disable-shared --disable-threads --disable-tls --with-gnu-as --with-gnu-ld --with-newlib --with-headers=yes --with-python-dir=share/gcc-arm-none-eabi --with-sysroot=/tmp/jenkins-GCC-9-pipeline-200_20200521_1590053285/install-native/arm-none-eabi --build=x86_64-apple-darwin10 --host=x86_64-apple-darwin10 --with-gmp=/tmp/jenkins-GCC-9-pipeline-200_20200521_1590053285/build-native/host-libs/usr --with-mpfr=/tmp/jenkins-GCC-9-pipeline-200_20200521_1590053285/build-native/host-libs/usr --with-mpc=/tmp/jenkins-GCC-9-pipeline-200_20200521_1590053285/build-native/host-libs/usr --with-isl=/tmp/jenkins-GCC-9-pipeline-200_20200521_1590053285/build-native/host-libs/usr --with-libelf=/tmp/jenkins-GCC-9-pipeline-200_20200521_1590053285/build-native/host-libs/usr --with-host-libstdcxx='-static-libgcc -Wl,-lstdc++ -lm' --with-pkgversion='GNU Arm Embedded Toolchain 9-2020-q2-update' --with-multilib-list=rmprofile,aprofile]
  ignore line: [Thread model: single]
  ignore line: [gcc version 9.3.1 20200408 (release) (GNU Arm Embedded Toolchain 9-2020-q2-update) ]
  ignore line: [COLLECT_GCC_OPTIONS='-v' '-o' 'CMakeFiles/cmTC_deca9.dir/CMakeCXXCompilerABI.cpp.obj' '-c' '-mcpu=arm7tdmi' '-mfloat-abi=soft' '-marm' '-march=armv4t']
  ignore line: [ /Applications/ARM/bin/../lib/gcc/arm-none-eabi/9.3.1/cc1plus -quiet -v -iprefix /Applications/ARM/bin/../lib/gcc/arm-none-eabi/9.3.1/ -isysroot /Applications/ARM/bin/../arm-none-eabi -D__USES_INITFINI__ /Users/rmk/Library/Application Support/JetBrains/Toolbox/apps/CLion/ch-0/202.7319.72/CLion.app/Contents/bin/cmake/mac/share/cmake-3.17/Modules/CMakeCXXCompilerABI.cpp -quiet -dumpbase CMakeCXXCompilerABI.cpp -mcpu=arm7tdmi -mfloat-abi=soft -marm -march=armv4t -auxbase-strip CMakeFiles/cmTC_deca9.dir/CMakeCXXCompilerABI.cpp.obj -version -o /var/folders/n5/4z631vgd4w59m_8yjzymyp_h0000gn/T//cclOqoW1.s]
  ignore line: [GNU C++14 (GNU Arm Embedded Toolchain 9-2020-q2-update) version 9.3.1 20200408 (release) (arm-none-eabi)]
  ignore line: [	compiled by GNU C version 4.2.1 Compatible Apple LLVM 11.0.0 (clang-1100.0.33.17)  GMP version 6.1.0  MPFR version 3.1.4  MPC version 1.0.3  isl version isl-0.18-GMP]
  ignore line: []
  ignore line: [GGC heuristics: --param ggc-min-expand=100 --param ggc-min-heapsize=131072]
  ignore line: [ignoring duplicate directory "/Applications/ARM/bin/../lib/gcc/../../lib/gcc/arm-none-eabi/9.3.1/../../../../arm-none-eabi/include/c++/9.3.1"]
  ignore line: [ignoring duplicate directory "/Applications/ARM/bin/../lib/gcc/../../lib/gcc/arm-none-eabi/9.3.1/../../../../arm-none-eabi/include/c++/9.3.1/arm-none-eabi"]
  ignore line: [ignoring duplicate directory "/Applications/ARM/bin/../lib/gcc/../../lib/gcc/arm-none-eabi/9.3.1/../../../../arm-none-eabi/include/c++/9.3.1/backward"]
  ignore line: [ignoring duplicate directory "/Applications/ARM/bin/../lib/gcc/../../lib/gcc/arm-none-eabi/9.3.1/include"]
  ignore line: [ignoring nonexistent directory "/Applications/ARM/bin/../arm-none-eabi/usr/local/include"]
  ignore line: [ignoring duplicate directory "/Applications/ARM/bin/../lib/gcc/../../lib/gcc/arm-none-eabi/9.3.1/include-fixed"]
  ignore line: [ignoring duplicate directory "/Applications/ARM/bin/../lib/gcc/../../lib/gcc/arm-none-eabi/9.3.1/../../../../arm-none-eabi/include"]
  ignore line: [ignoring nonexistent directory "/Applications/ARM/bin/../arm-none-eabi/usr/include"]
  ignore line: [#include "..." search starts here:]
  ignore line: [#include <...> search starts here:]
  ignore line: [ /Applications/ARM/bin/../lib/gcc/arm-none-eabi/9.3.1/../../../../arm-none-eabi/include/c++/9.3.1]
  ignore line: [ /Applications/ARM/bin/../lib/gcc/arm-none-eabi/9.3.1/../../../../arm-none-eabi/include/c++/9.3.1/arm-none-eabi]
  ignore line: [ /Applications/ARM/bin/../lib/gcc/arm-none-eabi/9.3.1/../../../../arm-none-eabi/include/c++/9.3.1/backward]
  ignore line: [ /Applications/ARM/bin/../lib/gcc/arm-none-eabi/9.3.1/include]
  ignore line: [ /Applications/ARM/bin/../lib/gcc/arm-none-eabi/9.3.1/include-fixed]
  ignore line: [ /Applications/ARM/bin/../lib/gcc/arm-none-eabi/9.3.1/../../../../arm-none-eabi/include]
  ignore line: [End of search list.]
  ignore line: [GNU C++14 (GNU Arm Embedded Toolchain 9-2020-q2-update) version 9.3.1 20200408 (release) (arm-none-eabi)]
  ignore line: [	compiled by GNU C version 4.2.1 Compatible Apple LLVM 11.0.0 (clang-1100.0.33.17)  GMP version 6.1.0  MPFR version 3.1.4  MPC version 1.0.3  isl version isl-0.18-GMP]
  ignore line: []
  ignore line: [GGC heuristics: --param ggc-min-expand=100 --param ggc-min-heapsize=131072]
  ignore line: [Compiler executable checksum: 8782f4994dbf603a697a2dc7444b5e0e]
  ignore line: [COLLECT_GCC_OPTIONS='-v' '-o' 'CMakeFiles/cmTC_deca9.dir/CMakeCXXCompilerABI.cpp.obj' '-c' '-mcpu=arm7tdmi' '-mfloat-abi=soft' '-marm' '-march=armv4t']
  ignore line: [ /Applications/ARM/bin/../lib/gcc/arm-none-eabi/9.3.1/../../../../arm-none-eabi/bin/as -v -march=armv4t -mfloat-abi=soft -meabi=5 -o CMakeFiles/cmTC_deca9.dir/CMakeCXXCompilerABI.cpp.obj /var/folders/n5/4z631vgd4w59m_8yjzymyp_h0000gn/T//cclOqoW1.s]
  ignore line: [GNU assembler version 2.34.0 (arm-none-eabi) using BFD version (GNU Arm Embedded Toolchain 9-2020-q2-update) 2.34.0.20200428]
  ignore line: [COMPILER_PATH=/Applications/ARM/bin/../lib/gcc/arm-none-eabi/9.3.1/:/Applications/ARM/bin/../lib/gcc/:/Applications/ARM/bin/../lib/gcc/arm-none-eabi/9.3.1/../../../../arm-none-eabi/bin/]
  ignore line: [LIBRARY_PATH=/Applications/ARM/bin/../lib/gcc/arm-none-eabi/9.3.1/:/Applications/ARM/bin/../lib/gcc/:/Applications/ARM/bin/../lib/gcc/arm-none-eabi/9.3.1/../../../../arm-none-eabi/lib/:/Applications/ARM/bin/../arm-none-eabi/lib/]
  ignore line: [COLLECT_GCC_OPTIONS='-v' '-o' 'CMakeFiles/cmTC_deca9.dir/CMakeCXXCompilerABI.cpp.obj' '-c' '-mcpu=arm7tdmi' '-mfloat-abi=soft' '-marm' '-march=armv4t']
  ignore line: [Linking CXX static library libcmTC_deca9.a]
  ignore line: ["/Users/rmk/Library/Application Support/JetBrains/Toolbox/apps/CLion/ch-0/202.7319.72/CLion.app/Contents/bin/cmake/mac/bin/cmake" -P CMakeFiles/cmTC_deca9.dir/cmake_clean_target.cmake]
  ignore line: ["/Users/rmk/Library/Application Support/JetBrains/Toolbox/apps/CLion/ch-0/202.7319.72/CLion.app/Contents/bin/cmake/mac/bin/cmake" -E cmake_link_script CMakeFiles/cmTC_deca9.dir/link.txt --verbose=1]
  ignore line: [arm-none-eabi-ar qc libcmTC_deca9.a  CMakeFiles/cmTC_deca9.dir/CMakeCXXCompilerABI.cpp.obj]
  ignore line: [/Applications/ARM/bin/arm-none-eabi-ranlib libcmTC_deca9.a]
  ignore line: []
  ignore line: []
  implicit libs: []
  implicit dirs: []
  implicit fwks: []


